==14997== Memcheck, a memory error detector
==14997== Copyright (C) 2002-2017, and GNU GPL'd, by Julian Seward et al.
==14997== Using Valgrind-3.13.0 and LibVEX; rerun with -h for copyright info
==14997== Command: ./a.out ikkuna_testi.asm ikkuna_testi.app
==14997== Parent PID: 14928
==14997== 
==14997== 
==14997== HEAP SUMMARY:
==14997==     in use at exit: 273,866 bytes in 443 blocks
==14997==   total heap usage: 620 allocs, 177 frees, 301,305 bytes allocated
==14997== 
==14997== LEAK SUMMARY:
==14997==    definitely lost: 2,000 bytes in 1 blocks
==14997==    indirectly lost: 0 bytes in 0 blocks
==14997==      possibly lost: 0 bytes in 0 blocks
==14997==    still reachable: 271,866 bytes in 442 blocks
==14997==         suppressed: 0 bytes in 0 blocks
==14997== Rerun with --leak-check=full to see details of leaked memory
==14997== 
==14997== For counts of detected and suppressed errors, rerun with: -v
==14997== ERROR SUMMARY: 0 errors from 0 contexts (suppressed: 0 from 0)
